<?xml version="1.0" encoding="UTF-8" ?>
<testsuite tests="43" failures="0" name="com.fdm.carparksystem.InputValidatorTest" time="0.009" errors="0" skipped="0">
  <properties>
    <property name="java.runtime.name" value="Java(TM) SE Runtime Environment"/>
    <property name="sun.boot.library.path" value="/Library/Java/JavaVirtualMachines/jdk1.8.0_60.jdk/Contents/Home/jre/lib"/>
    <property name="java.vm.version" value="25.60-b23"/>
    <property name="gopherProxySet" value="false"/>
    <property name="java.vm.vendor" value="Oracle Corporation"/>
    <property name="maven.multiModuleProjectDirectory" value="/Users/ashok/eclipse-workspace/carparksystem"/>
    <property name="java.vendor.url" value="http://java.oracle.com/"/>
    <property name="path.separator" value=":"/>
    <property name="guice.disable.misplaced.annotation.check" value="true"/>
    <property name="java.vm.name" value="Java HotSpot(TM) 64-Bit Server VM"/>
    <property name="file.encoding.pkg" value="sun.io"/>
    <property name="user.country" value="AU"/>
    <property name="sun.java.launcher" value="SUN_STANDARD"/>
    <property name="sun.os.patch.level" value="unknown"/>
    <property name="java.vm.specification.name" value="Java Virtual Machine Specification"/>
    <property name="user.dir" value="/Users/ashok/eclipse-workspace/carparksystem"/>
    <property name="java.runtime.version" value="1.8.0_60-b27"/>
    <property name="java.awt.graphicsenv" value="sun.awt.CGraphicsEnvironment"/>
    <property name="java.endorsed.dirs" value="/Library/Java/JavaVirtualMachines/jdk1.8.0_60.jdk/Contents/Home/jre/lib/endorsed"/>
    <property name="os.arch" value="x86_64"/>
    <property name="java.io.tmpdir" value="/var/folders/cq/8npwd8wx20z_s960tfp3syj80000gn/T/"/>
    <property name="line.separator" value="
"/>
    <property name="java.vm.specification.vendor" value="Oracle Corporation"/>
    <property name="os.name" value="Mac OS X"/>
    <property name="classworlds.conf" value="/Applications/apache-maven-3.6.0/bin/m2.conf"/>
    <property name="sun.jnu.encoding" value="UTF-8"/>
    <property name="java.library.path" value="/Users/ashok/Library/Java/Extensions:/Library/Java/Extensions:/Network/Library/Java/Extensions:/System/Library/Java/Extensions:/usr/lib/java:."/>
    <property name="maven.conf" value="/Applications/apache-maven-3.6.0/conf"/>
    <property name="java.specification.name" value="Java Platform API Specification"/>
    <property name="java.class.version" value="52.0"/>
    <property name="sun.management.compiler" value="HotSpot 64-Bit Tiered Compilers"/>
    <property name="os.version" value="10.14.2"/>
    <property name="library.jansi.path" value="/Applications/apache-maven-3.6.0/lib/jansi-native"/>
    <property name="http.nonProxyHosts" value="local|*.local|169.254/16|*.169.254/16"/>
    <property name="user.home" value="/Users/ashok"/>
    <property name="user.timezone" value="Australia/Sydney"/>
    <property name="java.awt.printerjob" value="sun.lwawt.macosx.CPrinterJob"/>
    <property name="java.specification.version" value="1.8"/>
    <property name="file.encoding" value="UTF-8"/>
    <property name="user.name" value="ashok"/>
    <property name="java.class.path" value="/Applications/apache-maven-3.6.0/boot/plexus-classworlds-2.5.2.jar"/>
    <property name="java.vm.specification.version" value="1.8"/>
    <property name="sun.arch.data.model" value="64"/>
    <property name="java.home" value="/Library/Java/JavaVirtualMachines/jdk1.8.0_60.jdk/Contents/Home/jre"/>
    <property name="sun.java.command" value="org.codehaus.plexus.classworlds.launcher.Launcher install package"/>
    <property name="java.specification.vendor" value="Oracle Corporation"/>
    <property name="user.language" value="en"/>
    <property name="awt.toolkit" value="sun.lwawt.macosx.LWCToolkit"/>
    <property name="java.vm.info" value="mixed mode"/>
    <property name="java.version" value="1.8.0_60"/>
    <property name="java.ext.dirs" value="/Users/ashok/Library/Java/Extensions:/Library/Java/JavaVirtualMachines/jdk1.8.0_60.jdk/Contents/Home/jre/lib/ext:/Library/Java/Extensions:/Network/Library/Java/Extensions:/System/Library/Java/Extensions:/usr/lib/java"/>
    <property name="sun.boot.class.path" value="/Library/Java/JavaVirtualMachines/jdk1.8.0_60.jdk/Contents/Home/jre/lib/resources.jar:/Library/Java/JavaVirtualMachines/jdk1.8.0_60.jdk/Contents/Home/jre/lib/rt.jar:/Library/Java/JavaVirtualMachines/jdk1.8.0_60.jdk/Contents/Home/jre/lib/sunrsasign.jar:/Library/Java/JavaVirtualMachines/jdk1.8.0_60.jdk/Contents/Home/jre/lib/jsse.jar:/Library/Java/JavaVirtualMachines/jdk1.8.0_60.jdk/Contents/Home/jre/lib/jce.jar:/Library/Java/JavaVirtualMachines/jdk1.8.0_60.jdk/Contents/Home/jre/lib/charsets.jar:/Library/Java/JavaVirtualMachines/jdk1.8.0_60.jdk/Contents/Home/jre/lib/jfr.jar:/Library/Java/JavaVirtualMachines/jdk1.8.0_60.jdk/Contents/Home/jre/classes"/>
    <property name="java.vendor" value="Oracle Corporation"/>
    <property name="maven.home" value="/Applications/apache-maven-3.6.0"/>
    <property name="file.separator" value="/"/>
    <property name="java.vendor.url.bug" value="http://bugreport.sun.com/bugreport/"/>
    <property name="sun.cpu.endian" value="little"/>
    <property name="sun.io.unicode.encoding" value="UnicodeBig"/>
    <property name="socksNonProxyHosts" value="local|*.local|169.254/16|*.169.254/16"/>
    <property name="ftp.nonProxyHosts" value="local|*.local|169.254/16|*.169.254/16"/>
    <property name="sun.cpu.isalist" value=""/>
  </properties>
  <testcase classname="com.fdm.carparksystem.InputValidatorTest" name="when_all_valid_input_does_not_throw_exception" time="0"/>
  <testcase classname="com.fdm.carparksystem.InputValidatorTest" name="when_numOfSpaces_is_minus20_valid_input_does_throw_exception" time="0.001"/>
  <testcase classname="com.fdm.carparksystem.InputValidatorTest" name="when_numOfSpaces_is_20point5_valid_input_does_throw_exception" time="0"/>
  <testcase classname="com.fdm.carparksystem.InputValidatorTest" name="when_numOfSpaces_is_020_valid_input_does_throw_exception" time="0"/>
  <testcase classname="com.fdm.carparksystem.InputValidatorTest" name="when_numOfSpaces_is_20A_valid_input_does_throw_exception" time="0"/>
  <testcase classname="com.fdm.carparksystem.InputValidatorTest" name="when_numOfSpaces_is_twenty_does_throw_exception" time="0"/>
  <testcase classname="com.fdm.carparksystem.InputValidatorTest" name="when_oneTruckSpace_is_twenty_does_throw_exception" time="0"/>
  <testcase classname="com.fdm.carparksystem.InputValidatorTest" name="when_oneTruckSpace_is_2pint5_valid_input_does_throw_exception" time="0"/>
  <testcase classname="com.fdm.carparksystem.InputValidatorTest" name="when_oneTruckSpace_is_more_than_two_valid_input_does_throw_exception" time="0.001"/>
  <testcase classname="com.fdm.carparksystem.InputValidatorTest" name="when_carHourlyRate_is_two_does_throw_exception" time="0"/>
  <testcase classname="com.fdm.carparksystem.InputValidatorTest" name="when_carHourlyRate_is_2_does_throw_exception" time="0"/>
  <testcase classname="com.fdm.carparksystem.InputValidatorTest" name="when_carHourlyRate_is_2point0_does_throw_exception" time="0"/>
  <testcase classname="com.fdm.carparksystem.InputValidatorTest" name="when_carHourlyRate_is_2point5_does_throw_exception" time="0.001"/>
  <testcase classname="com.fdm.carparksystem.InputValidatorTest" name="when_carHourlyRate_is_two2_does_throw_exception" time="0"/>
  <testcase classname="com.fdm.carparksystem.InputValidatorTest" name="when_carHourlyRate_is_50space5_does_throw_exception" time="0.001"/>
  <testcase classname="com.fdm.carparksystem.InputValidatorTest" name="when_carHourlyRate_is_50point5point2_does_throw_exception" time="0.001"/>
  <testcase classname="com.fdm.carparksystem.InputValidatorTest" name="when_truckHourlyRate_is_50_does_not_throw_exception" time="0"/>
  <testcase classname="com.fdm.carparksystem.InputValidatorTest" name="when_truckHourlyRate_is_0point50_does_not_throw_exception" time="0"/>
  <testcase classname="com.fdm.carparksystem.InputValidatorTest" name="when_truckHourlyRate_is_2point50_does_not_throw_exception" time="0"/>
  <testcase classname="com.fdm.carparksystem.InputValidatorTest" name="when_truckHourlyRate_is_twopoint50_does_not_throw_exception" time="0"/>
  <testcase classname="com.fdm.carparksystem.InputValidatorTest" name="when_truckHourlyRate_is_twopoint50point2_does_not_throw_exception" time="0"/>
  <testcase classname="com.fdm.carparksystem.InputValidatorTest" name="when_truckHourlyRate_is_empty_String_throw_exception" time="0"/>
  <testcase classname="com.fdm.carparksystem.InputValidatorTest" name="when_command_input_is_REPORT" time="0"/>
  <testcase classname="com.fdm.carparksystem.InputValidatorTest" name="when_command_input_is_REPORTS" time="0"/>
  <testcase classname="com.fdm.carparksystem.InputValidatorTest" name="when_command_input_is_SPACE_REPORT" time="0"/>
  <testcase classname="com.fdm.carparksystem.InputValidatorTest" name="when_command_input_is_ENTERS_CARS" time="0"/>
  <testcase classname="com.fdm.carparksystem.InputValidatorTest" name="when_command_input_is_ENTER_CAR" time="0"/>
  <testcase classname="com.fdm.carparksystem.InputValidatorTest" name="when_command_input_is_ENTER_CARS" time="0.001"/>
  <testcase classname="com.fdm.carparksystem.InputValidatorTest" name="when_command_input_is_ENTER_CAR_SPACE" time="0"/>
  <testcase classname="com.fdm.carparksystem.InputValidatorTest" name="when_command_input_is_ENTER_TRUCK" time="0.001"/>
  <testcase classname="com.fdm.carparksystem.InputValidatorTest" name="when_command_input_is_ENTER_TRUCKS" time="0"/>
  <testcase classname="com.fdm.carparksystem.InputValidatorTest" name="when_command_input_is_EXIT_TRUCK" time="0.001"/>
  <testcase classname="com.fdm.carparksystem.InputValidatorTest" name="when_command_input_is_EXIT_TRUCK_minus1" time="0"/>
  <testcase classname="com.fdm.carparksystem.InputValidatorTest" name="when_command_input_is_EXIT_TRUCK_1" time="0"/>
  <testcase classname="com.fdm.carparksystem.InputValidatorTest" name="when_command_input_is_EXIT_TRUCK_5" time="0"/>
  <testcase classname="com.fdm.carparksystem.InputValidatorTest" name="when_command_input_is_EXIT_TRUCK_2point5" time="0"/>
  <testcase classname="com.fdm.carparksystem.InputValidatorTest" name="when_command_input_is_EXIT_TRUCK_2space2" time="0"/>
  <testcase classname="com.fdm.carparksystem.InputValidatorTest" name="when_command_input_is_EXIT_CAR_2space2" time="0.001"/>
  <testcase classname="com.fdm.carparksystem.InputValidatorTest" name="when_command_input_is_EXIT_CAR" time="0"/>
  <testcase classname="com.fdm.carparksystem.InputValidatorTest" name="when_command_input_is_EXIT_CAR_minus1" time="0"/>
  <testcase classname="com.fdm.carparksystem.InputValidatorTest" name="when_command_input_is_EXIT_CAR_1" time="0"/>
  <testcase classname="com.fdm.carparksystem.InputValidatorTest" name="when_command_input_is_EXIT_CAR_5" time="0"/>
  <testcase classname="com.fdm.carparksystem.InputValidatorTest" name="when_command_input_is_EXIT_CAR_2point5" time="0"/>
</testsuite>